#
# There is insufficient memory for the Java Runtime Environment to continue.
# Native memory allocation (malloc) failed to allocate 32744 bytes for ChunkPool::allocate
# Possible reasons:
#   The system is out of physical RAM or swap space
#   In 32 bit mode, the process size limit was hit
# Possible solutions:
#   Reduce memory load on the system
#   Increase physical memory or swap space
#   Check if swap backing store is full
#   Use 64 bit Java on a 64 bit OS
#   Decrease Java heap size (-Xmx/-Xms)
#   Decrease number of Java threads
#   Decrease Java thread stack sizes (-Xss)
#   Set larger code cache with -XX:ReservedCodeCacheSize=
# This output file may be truncated or incomplete.
#
#  Out of Memory Error (allocation.cpp:273), pid=6384, tid=0x0000000000001a58
#
# JRE version: Java(TM) SE Runtime Environment (8.0_181-b13) (build 1.8.0_181-b13)
# Java VM: Java HotSpot(TM) 64-Bit Server VM (25.181-b13 mixed mode windows-amd64 compressed oops)
# Failed to write core dump. Minidumps are not enabled by default on client versions of Windows
#

---------------  T H R E A D  ---------------

Current thread (0x0000000017637000):  JavaThread "C2 CompilerThread1" daemon [_thread_in_native, id=6744, stack(0x00000000191c0000,0x00000000192c0000)]

Stack: [0x00000000191c0000,0x00000000192c0000]
[error occurred during error reporting (printing stack bounds), id 0xc0000005]

Native frames: (J=compiled Java code, j=interpreted, Vv=VM code, C=native code)


Current CompileTask:
C2:  14737 4338   !   4       org.springframework.util.ClassUtils::getMostSpecificMethod (76 bytes)


---------------  P R O C E S S  ---------------

Java Threads: ( => current thread )
  0x000000001cc85800 JavaThread "spring.cloud.inetutils" daemon [_thread_in_native, id=18744, stack(0x0000000022020000,0x0000000022120000)]
  0x000000001cc89000 JavaThread "commons-pool-EvictionTimer" daemon [_thread_blocked, id=25656, stack(0x0000000021b10000,0x0000000021c10000)]
  0x000000001cc8b800 JavaThread "Druid-ConnectionPool-Destroy-1773373551" daemon [_thread_blocked, id=21724, stack(0x0000000021510000,0x0000000021610000)]
  0x000000001cc87000 JavaThread "Druid-ConnectionPool-Create-1773373551" daemon [_thread_blocked, id=21788, stack(0x0000000021410000,0x0000000021510000)]
  0x000000001cc8a800 JavaThread "Abandoned connection cleanup thread" daemon [_thread_blocked, id=16336, stack(0x0000000021110000,0x0000000021210000)]
  0x000000001cc8a000 JavaThread "DefaultQuartzScheduler_QuartzSchedulerThread" [_thread_blocked, id=23240, stack(0x0000000020040000,0x0000000020140000)]
  0x000000001d883000 JavaThread "DefaultQuartzScheduler_Worker-10" [_thread_blocked, id=1188, stack(0x000000001fd40000,0x000000001fe40000)]
  0x000000001d885800 JavaThread "DefaultQuartzScheduler_Worker-9" [_thread_blocked, id=13644, stack(0x000000001fc40000,0x000000001fd40000)]
  0x000000001d887000 JavaThread "DefaultQuartzScheduler_Worker-8" [_thread_blocked, id=4836, stack(0x000000001fb40000,0x000000001fc40000)]
  0x000000001d882800 JavaThread "DefaultQuartzScheduler_Worker-7" [_thread_blocked, id=22652, stack(0x000000001fa40000,0x000000001fb40000)]
  0x000000001d880000 JavaThread "DefaultQuartzScheduler_Worker-6" [_thread_blocked, id=8068, stack(0x000000001f940000,0x000000001fa40000)]
  0x000000001d881800 JavaThread "DefaultQuartzScheduler_Worker-5" [_thread_blocked, id=7684, stack(0x000000001f840000,0x000000001f940000)]
  0x000000001d884800 JavaThread "DefaultQuartzScheduler_Worker-4" [_thread_blocked, id=23636, stack(0x000000001f740000,0x000000001f840000)]
  0x000000001d32c800 JavaThread "DefaultQuartzScheduler_Worker-3" [_thread_blocked, id=11344, stack(0x000000001f640000,0x000000001f740000)]
  0x000000001d32b000 JavaThread "DefaultQuartzScheduler_Worker-2" [_thread_blocked, id=24776, stack(0x000000001f540000,0x000000001f640000)]
  0x000000001d32a000 JavaThread "DefaultQuartzScheduler_Worker-1" [_thread_blocked, id=4124, stack(0x000000001f440000,0x000000001f540000)]
  0x0000000018a95000 JavaThread "Service Thread" daemon [_thread_blocked, id=7796, stack(0x00000000193c0000,0x00000000194c0000)]
  0x0000000017639000 JavaThread "C1 CompilerThread2" daemon [_thread_blocked, id=18572, stack(0x00000000192c0000,0x00000000193c0000)]
=>0x0000000017637000 JavaThread "C2 CompilerThread1" daemon [_thread_in_native, id=6744, stack(0x00000000191c0000,0x00000000192c0000)]
  0x0000000017633800 JavaThread "C2 CompilerThread0" daemon [_thread_in_native, id=10068, stack(0x00000000190c0000,0x00000000191c0000)]
  0x000000001761c000 JavaThread "Monitor Ctrl-Break" daemon [_thread_in_native, id=17572, stack(0x0000000018fc0000,0x00000000190c0000)]
  0x000000001760c000 JavaThread "Attach Listener" daemon [_thread_blocked, id=23120, stack(0x0000000018ec0000,0x0000000018fc0000)]
  0x00000000175f8000 JavaThread "Signal Dispatcher" daemon [_thread_blocked, id=15872, stack(0x0000000018dc0000,0x0000000018ec0000)]
  0x00000000175d0000 JavaThread "Finalizer" daemon [_thread_blocked, id=8064, stack(0x0000000018860000,0x0000000018960000)]
  0x00000000175a8800 JavaThread "Reference Handler" daemon [_thread_blocked, id=17728, stack(0x0000000018760000,0x0000000018860000)]
  0x0000000002869800 JavaThread "main" [_thread_in_vm, id=20316, stack(0x0000000002760000,0x0000000002860000)]

Other Threads:
  0x00000000175a7000 VMThread [stack: 0x0000000018660000,0x0000000018760000] [id=19804]
  0x0000000018ade000 WatcherThread [stack: 0x00000000194c0000,0x00000000195c0000] [id=1940]

VM state:not at safepoint (normal execution)

VM Mutex/Monitor currently owned by a thread: None

Heap:
 PSYoungGen      total 182272K, used 126100K [0x00000000d5e00000, 0x00000000e2480000, 0x0000000100000000)
  eden space 174080K, 67% used [0x00000000d5e00000,0x00000000dd134d38,0x00000000e0800000)
  from space 8192K, 99% used [0x00000000e0800000,0x00000000e0ff0540,0x00000000e1000000)
  to   space 7680K, 0% used [0x00000000e1000000,0x00000000e1000000,0x00000000e1780000)
 ParOldGen       total 81920K, used 21952K [0x0000000081a00000, 0x0000000086a00000, 0x00000000d5e00000)
  object space 81920K, 26% used [0x0000000081a00000,0x0000000082f70370,0x0000000086a00000)
 Metaspace       used 41286K, capacity 41758K, committed 42112K, reserved 1085440K
  class space    used 5073K, capacity 5180K, committed 5248K, reserved 1048576K

Card table byte_map: [0x0000000011e60000,0x0000000012260000] byte_map_base: 0x0000000011a53000

Marking Bits: (ParMarkBitMap*) 0x0000000058fa2d00
 Begin Bits: [0x0000000012910000, 0x00000000148a8000)
 End Bits:   [0x00000000148a8000, 0x0000000016840000)

Polling page: 0x00000000005b0000

CodeCache: size=245760Kb used=16133Kb max_used=16711Kb free=229626Kb
 bounds [0x0000000002aa0000, 0x0000000003b10000, 0x0000000011aa0000]
 total_blobs=4323 nmethods=3828 adapters=407
 compilation: enabled

Compilation events (10 events):
Event: 14.588 Thread 0x0000000017639000 4451       2       sun.reflect.generics.scope.MethodScope::<init> (6 bytes)
Event: 14.589 Thread 0x0000000017639000 nmethod 4451 0x0000000002bfc710 code [0x0000000002bfc860, 0x0000000002bfc9d0]
Event: 14.589 Thread 0x0000000017639000 4452       2       sun.reflect.generics.repository.MethodRepository::make (10 bytes)
Event: 14.590 Thread 0x0000000017639000 nmethod 4452 0x0000000002daf310 code [0x0000000002daf480, 0x0000000002daf718]
Event: 14.591 Thread 0x0000000017639000 4453       2       sun.reflect.generics.repository.MethodRepository::<init> (7 bytes)
Event: 14.592 Thread 0x0000000017639000 nmethod 4453 0x0000000002db4450 code [0x0000000002db45c0, 0x0000000002db4838]
Event: 14.625 Thread 0x0000000017639000 4454       2       org.springframework.core.convert.support.GenericConversionService$ConverterAdapter::<init> (45 bytes)
Event: 14.627 Thread 0x0000000017639000 nmethod 4454 0x0000000002ddfb10 code [0x0000000002ddfca0, 0x0000000002de0098]
Event: 14.639 Thread 0x0000000017639000 4455       2       java.util.HashSet::<init> (17 bytes)
Event: 14.640 Thread 0x0000000017639000 nmethod 4455 0x0000000002d9ec50 code [0x0000000002d9ede0, 0x0000000002d9efe8]

GC Heap History (10 events):
Event: 8.716 GC heap before
{Heap before GC invocations=11 (full 1):
 PSYoungGen      total 135680K, used 133701K [0x00000000d5e00000, 0x00000000e1780000, 0x0000000100000000)
  eden space 128000K, 100% used [0x00000000d5e00000,0x00000000ddb00000,0x00000000ddb00000)
  from space 7680K, 74% used [0x00000000ddb00000,0x00000000de0914f0,0x00000000de280000)
  to   space 7680K, 0% used [0x00000000e1000000,0x00000000e1000000,0x00000000e1780000)
 ParOldGen       total 48128K, used 6375K [0x0000000081a00000, 0x0000000084900000, 0x00000000d5e00000)
  object space 48128K, 13% used [0x0000000081a00000,0x0000000082039dc0,0x0000000084900000)
 Metaspace       used 29186K, capacity 29614K, committed 29952K, reserved 1075200K
  class space    used 3659K, capacity 3780K, committed 3840K, reserved 1048576K
Event: 8.728 GC heap after
Heap after GC invocations=11 (full 1):
 PSYoungGen      total 181760K, used 7500K [0x00000000d5e00000, 0x00000000e2480000, 0x0000000100000000)
  eden space 174080K, 0% used [0x00000000d5e00000,0x00000000d5e00000,0x00000000e0800000)
  from space 7680K, 97% used [0x00000000e1000000,0x00000000e17530b0,0x00000000e1780000)
  to   space 8192K, 0% used [0x00000000e0800000,0x00000000e0800000,0x00000000e1000000)
 ParOldGen       total 48128K, used 7611K [0x0000000081a00000, 0x0000000084900000, 0x00000000d5e00000)
  object space 48128K, 15% used [0x0000000081a00000,0x000000008216ee00,0x0000000084900000)
 Metaspace       used 29186K, capacity 29614K, committed 29952K, reserved 1075200K
  class space    used 3659K, capacity 3780K, committed 3840K, reserved 1048576K
}
Event: 10.360 GC heap before
{Heap before GC invocations=12 (full 1):
 PSYoungGen      total 181760K, used 181580K [0x00000000d5e00000, 0x00000000e2480000, 0x0000000100000000)
  eden space 174080K, 100% used [0x00000000d5e00000,0x00000000e0800000,0x00000000e0800000)
  from space 7680K, 97% used [0x00000000e1000000,0x00000000e17530b0,0x00000000e1780000)
  to   space 8192K, 0% used [0x00000000e0800000,0x00000000e0800000,0x00000000e1000000)
 ParOldGen       total 48128K, used 7611K [0x0000000081a00000, 0x0000000084900000, 0x00000000d5e00000)
  object space 48128K, 15% used [0x0000000081a00000,0x000000008216ee00,0x0000000084900000)
 Metaspace       used 33898K, capacity 34288K, committed 34432K, reserved 1079296K
  class space    used 4080K, capacity 4175K, committed 4224K, reserved 1048576K
Event: 10.377 GC heap after
Heap after GC invocations=12 (full 1):
 PSYoungGen      total 182272K, used 8182K [0x00000000d5e00000, 0x00000000e2480000, 0x0000000100000000)
  eden space 174080K, 0% used [0x00000000d5e00000,0x00000000d5e00000,0x00000000e0800000)
  from space 8192K, 99% used [0x00000000e0800000,0x00000000e0ffd8b0,0x00000000e1000000)
  to   space 7680K, 0% used [0x00000000e1000000,0x00000000e1000000,0x00000000e1780000)
 ParOldGen       total 48128K, used 16247K [0x0000000081a00000, 0x0000000084900000, 0x00000000d5e00000)
  object space 48128K, 33% used [0x0000000081a00000,0x00000000829ddcc8,0x0000000084900000)
 Metaspace       used 33898K, capacity 34288K, committed 34432K, reserved 1079296K
  class space    used 4080K, capacity 4175K, committed 4224K, reserved 1048576K
}
Event: 10.580 GC heap before
{Heap before GC invocations=13 (full 1):
 PSYoungGen      total 182272K, used 29052K [0x00000000d5e00000, 0x00000000e2480000, 0x0000000100000000)
  eden space 174080K, 11% used [0x00000000d5e00000,0x00000000d7261b48,0x00000000e0800000)
  from space 8192K, 99% used [0x00000000e0800000,0x00000000e0ffd8b0,0x00000000e1000000)
  to   space 7680K, 0% used [0x00000000e1000000,0x00000000e1000000,0x00000000e1780000)
 ParOldGen       total 48128K, used 16247K [0x0000000081a00000, 0x0000000084900000, 0x00000000d5e00000)
  object space 48128K, 33% used [0x0000000081a00000,0x00000000829ddcc8,0x0000000084900000)
 Metaspace       used 34966K, capacity 35344K, committed 35496K, reserved 1081344K
  class space    used 4206K, capacity 4335K, committed 4352K, reserved 1048576K
Event: 10.601 GC heap after
Heap after GC invocations=13 (full 1):
 PSYoungGen      total 181760K, used 1015K [0x00000000d5e00000, 0x00000000e2480000, 0x0000000100000000)
  eden space 174080K, 0% used [0x00000000d5e00000,0x00000000d5e00000,0x00000000e0800000)
  from space 7680K, 13% used [0x00000000e1000000,0x00000000e10fdd60,0x00000000e1780000)
  to   space 8192K, 0% used [0x00000000e0800000,0x00000000e0800000,0x00000000e1000000)
 ParOldGen       total 48128K, used 24440K [0x0000000081a00000, 0x0000000084900000, 0x00000000d5e00000)
  object space 48128K, 50% used [0x0000000081a00000,0x00000000831de350,0x0000000084900000)
 Metaspace       used 34966K, capacity 35344K, committed 35496K, reserved 1081344K
  class space    used 4206K, capacity 4335K, committed 4352K, reserved 1048576K
}
Event: 10.601 GC heap before
{Heap before GC invocations=14 (full 2):
 PSYoungGen      total 181760K, used 1015K [0x00000000d5e00000, 0x00000000e2480000, 0x0000000100000000)
  eden space 174080K, 0% used [0x00000000d5e00000,0x00000000d5e00000,0x00000000e0800000)
  from space 7680K, 13% used [0x00000000e1000000,0x00000000e10fdd60,0x00000000e1780000)
  to   space 8192K, 0% used [0x00000000e0800000,0x00000000e0800000,0x00000000e1000000)
 ParOldGen       total 48128K, used 24440K [0x0000000081a00000, 0x0000000084900000, 0x00000000d5e00000)
  object space 48128K, 50% used [0x0000000081a00000,0x00000000831de350,0x0000000084900000)
 Metaspace       used 34966K, capacity 35344K, committed 35496K, reserved 1081344K
  class space    used 4206K, capacity 4335K, committed 4352K, reserved 1048576K
Event: 10.764 GC heap after
Heap after GC invocations=14 (full 2):
 PSYoungGen      total 181760K, used 0K [0x00000000d5e00000, 0x00000000e2480000, 0x0000000100000000)
  eden space 174080K, 0% used [0x00000000d5e00000,0x00000000d5e00000,0x00000000e0800000)
  from space 7680K, 0% used [0x00000000e1000000,0x00000000e1000000,0x00000000e1780000)
  to   space 8192K, 0% used [0x00000000e0800000,0x00000000e0800000,0x00000000e1000000)
 ParOldGen       total 81920K, used 21944K [0x0000000081a00000, 0x0000000086a00000, 0x00000000d5e00000)
  object space 81920K, 26% used [0x0000000081a00000,0x0000000082f6e370,0x0000000086a00000)
 Metaspace       used 34966K, capacity 35344K, committed 35496K, reserved 1081344K
  class space    used 4206K, capacity 4335K, committed 4352K, reserved 1048576K
}
Event: 13.861 GC heap before
{Heap before GC invocations=15 (full 2):
 PSYoungGen      total 181760K, used 174080K [0x00000000d5e00000, 0x00000000e2480000, 0x0000000100000000)
  eden space 174080K, 100% used [0x00000000d5e00000,0x00000000e0800000,0x00000000e0800000)
  from space 7680K, 0% used [0x00000000e1000000,0x00000000e1000000,0x00000000e1780000)
  to   space 8192K, 0% used [0x00000000e0800000,0x00000000e0800000,0x00000000e1000000)
 ParOldGen       total 81920K, used 21944K [0x0000000081a00000, 0x0000000086a00000, 0x00000000d5e00000)
  object space 81920K, 26% used [0x0000000081a00000,0x0000000082f6e370,0x0000000086a00000)
 Metaspace       used 39594K, capacity 40000K, committed 40320K, reserved 1085440K
  class space    used 4831K, capacity 4919K, committed 4992K, reserved 1048576K
Event: 13.872 GC heap after
Heap after GC invocations=15 (full 2):
 PSYoungGen      total 182272K, used 8129K [0x00000000d5e00000, 0x00000000e2480000, 0x0000000100000000)
  eden space 174080K, 0% used [0x00000000d5e00000,0x00000000d5e00000,0x00000000e0800000)
  from space 8192K, 99% used [0x00000000e0800000,0x00000000e0ff0540,0x00000000e1000000)
  to   space 7680K, 0% used [0x00000000e1000000,0x00000000e1000000,0x00000000e1780000)
 ParOldGen       total 81920K, used 21952K [0x0000000081a00000, 0x0000000086a00000, 0x00000000d5e00000)
  object space 81920K, 26% used [0x0000000081a00000,0x0000000082f70370,0x0000000086a00000)
 Metaspace       used 39594K, capacity 40000K, committed 40320K, reserved 1085440K
  class space    used 4831K, capacity 4919K, committed 4992K, reserved 1048576K
}

Deoptimization events (10 events):
Event: 13.467 Thread 0x0000000002869800 Uncommon trap: reason=class_check action=maybe_recompile pc=0x00000000037503b4 method=com.sun.beans.TypeResolver.resolve(Ljava/lang/reflect/Type;Ljava/lang/reflect/Type;)Ljava/lang/reflect/Type; @ 215
Event: 13.599 Thread 0x0000000002869800 Uncommon trap: reason=unstable_if action=reinterpret pc=0x00000000038cf94c method=java.lang.reflect.Modifier.toString(I)Ljava/lang/String; @ 123
Event: 13.844 Thread 0x0000000002869800 Uncommon trap: reason=bimorphic action=maybe_recompile pc=0x00000000037dae88 method=java.util.AbstractCollection.addAll(Ljava/util/Collection;)Z @ 29
Event: 14.059 Thread 0x0000000002869800 Uncommon trap: reason=class_check action=maybe_recompile pc=0x0000000003750384 method=com.sun.beans.TypeResolver.resolve(Ljava/lang/reflect/Type;Ljava/lang/reflect/Type;)Ljava/lang/reflect/Type; @ 215
Event: 14.059 Thread 0x0000000002869800 Uncommon trap: reason=class_check action=maybe_recompile pc=0x00000000037503b4 method=com.sun.beans.TypeResolver.resolve(Ljava/lang/reflect/Type;Ljava/lang/reflect/Type;)Ljava/lang/reflect/Type; @ 215
Event: 14.136 Thread 0x0000000002869800 Uncommon trap: reason=unstable_if action=reinterpret pc=0x000000000338b588 method=org.springframework.util.StringUtils.collectionToDelimitedString(Ljava/util/Collection;Ljava/lang/String;Ljava/lang/String;Ljava/lang/String;)Ljava/lang/String; @ 4
Event: 14.586 Thread 0x0000000002869800 Uncommon trap: reason=bimorphic action=maybe_recompile pc=0x0000000003950f00 method=com.sun.beans.TypeResolver.resolve(Ljava/lang/reflect/Type;Ljava/lang/reflect/Type;)Ljava/lang/reflect/Type; @ 225
Event: 14.587 Thread 0x0000000002869800 Uncommon trap: reason=bimorphic action=maybe_recompile pc=0x0000000003950f00 method=com.sun.beans.TypeResolver.resolve(Ljava/lang/reflect/Type;Ljava/lang/reflect/Type;)Ljava/lang/reflect/Type; @ 225
Event: 14.638 Thread 0x0000000002869800 Uncommon trap: reason=bimorphic action=maybe_recompile pc=0x0000000003a99c00 method=java.util.Collections$SetFromMap.contains(Ljava/lang/Object;)Z @ 5
Event: 14.640 Thread 0x0000000002869800 Uncommon trap: reason=bimorphic action=maybe_recompile pc=0x0000000003a99c00 method=java.util.Collections$SetFromMap.contains(Ljava/lang/Object;)Z @ 5

Classes redefined (0 events):
No events

Internal exceptions (10 events):
Event: 14.688 Thread 0x0000000002869800 Exception <a 'java/lang/ClassNotFoundException': org/springframework/data/keyvalue/core/KeyValueAdapterCustomizer> (0x00000000dcaeea18) thrown at [C:\re\workspace\8-2-build-windows-amd64-cygwin\jdk8u181\11358\hotspot\src\share\vm\classfile\systemDictionar
Event: 14.692 Thread 0x0000000002869800 Exception <a 'java/lang/ClassNotFoundException': java/lang/ObjectCustomizer> (0x00000000dcbf73c8) thrown at [C:\re\workspace\8-2-build-windows-amd64-cygwin\jdk8u181\11358\hotspot\src\share\vm\classfile\systemDictionary.cpp, line 210]
Event: 14.692 Thread 0x0000000002869800 Exception <a 'java/lang/ClassNotFoundException': org/springframework/data/keyvalue/core/KeyValueTemplateCustomizer> (0x00000000dcc25f18) thrown at [C:\re\workspace\8-2-build-windows-amd64-cygwin\jdk8u181\11358\hotspot\src\share\vm\classfile\systemDictiona
Event: 14.693 Thread 0x0000000002869800 Exception <a 'java/lang/ClassNotFoundException': org/springframework/data/redis/core/RedisKeyValueTemplateCustomizer> (0x00000000dcc724c8) thrown at [C:\re\workspace\8-2-build-windows-amd64-cygwin\jdk8u181\11358\hotspot\src\share\vm\classfile\systemDictio
Event: 14.693 Thread 0x0000000002869800 Exception <a 'java/lang/ClassNotFoundException': org/springframework/data/keyvalue/core/KeyValueOperationsCustomizer> (0x00000000dccb1f90) thrown at [C:\re\workspace\8-2-build-windows-amd64-cygwin\jdk8u181\11358\hotspot\src\share\vm\classfile\systemDictio
Event: 14.695 Thread 0x0000000002869800 Exception <a 'java/lang/ClassNotFoundException': org/springframework/context/ApplicationEventPublisherAwareCustomizer> (0x00000000dccf7100) thrown at [C:\re\workspace\8-2-build-windows-amd64-cygwin\jdk8u181\11358\hotspot\src\share\vm\classfile\systemDicti
Event: 14.697 Thread 0x0000000002869800 Exception <a 'java/lang/ClassNotFoundException': java/lang/ObjectCustomizer> (0x00000000dcd309f8) thrown at [C:\re\workspace\8-2-build-windows-amd64-cygwin\jdk8u181\11358\hotspot\src\share\vm\classfile\systemDictionary.cpp, line 210]
Event: 14.700 Thread 0x0000000002869800 Exception <a 'java/lang/ClassNotFoundException': org/springframework/boot/autoconfigure/gson/GsonAutoConfigurationCustomizer> (0x00000000dcd65028) thrown at [C:\re\workspace\8-2-build-windows-amd64-cygwin\jdk8u181\11358\hotspot\src\share\vm\classfile\syst
Event: 14.702 Thread 0x0000000002869800 Exception <a 'java/lang/ClassNotFoundException': org/springframework/boot/autoconfigure/gson/GsonAutoConfiguration$$EnhancerBySpringCGLIB$$33e0dbd1Customizer> (0x00000000dcda6910) thrown at [C:\re\workspace\8-2-build-windows-amd64-cygwin\jdk8u181\11358\ho
Event: 14.703 Thread 0x0000000002869800 Exception <a 'java/lang/ClassNotFoundException': org/springframework/context/annotation/ConfigurationClassEnhancer$EnhancedConfigurationCustomizer> (0x00000000dcde7848) thrown at [C:\re\workspace\8-2-build-windows-amd64-cygwin\jdk8u181\11358\hotspot\src\s

Events (10 events):
Event: 14.727 loading class com/google/gson/JsonNull
Event: 14.727 loading class com/google/gson/JsonNull done
Event: 14.727 loading class com/google/gson/Gson$1
Event: 14.727 loading class com/google/gson/Gson$1 done
Event: 14.727 loading class com/google/gson/stream/JsonWriter
Event: 14.727 loading class com/google/gson/stream/JsonWriter done
Event: 14.730 loading class com/google/gson/internal/bind/JsonTreeWriter
Event: 14.730 loading class com/google/gson/internal/bind/JsonTreeWriter done
Event: 14.733 loading class com/google/gson/Gson$2
Event: 14.733 loading class com/google/gson/Gson$2 done


Dynamic libraries:
0x00007ff7d04d0000 - 0x00007ff7d0507000 	C:\Program Files\Java\jdk1.8.0_181\bin\java.exe
0x00007ffc8c860000 - 0x00007ffc8ca41000 	C:\WINDOWS\SYSTEM32\ntdll.dll
0x00007ffc8c6f0000 - 0x00007ffc8c7a2000 	C:\WINDOWS\System32\KERNEL32.DLL
0x00007ffc899d0000 - 0x00007ffc89c43000 	C:\WINDOWS\System32\KERNELBASE.dll
0x00007ffc8b510000 - 0x00007ffc8b5b1000 	C:\WINDOWS\System32\ADVAPI32.dll
0x00007ffc8c570000 - 0x00007ffc8c60e000 	C:\WINDOWS\System32\msvcrt.dll
0x00007ffc8b5c0000 - 0x00007ffc8b61b000 	C:\WINDOWS\System32\sechost.dll
0x00007ffc8c400000 - 0x00007ffc8c524000 	C:\WINDOWS\System32\RPCRT4.dll
0x00007ffc89e50000 - 0x00007ffc89fe0000 	C:\WINDOWS\System32\USER32.dll
0x00007ffc88dd0000 - 0x00007ffc88df0000 	C:\WINDOWS\System32\win32u.dll
0x00007ffc8c540000 - 0x00007ffc8c568000 	C:\WINDOWS\System32\GDI32.dll
0x00007ffc88c30000 - 0x00007ffc88dc2000 	C:\WINDOWS\System32\gdi32full.dll
0x00007ffc89c50000 - 0x00007ffc89cef000 	C:\WINDOWS\System32\msvcp_win.dll
0x00007ffc898d0000 - 0x00007ffc899ca000 	C:\WINDOWS\System32\ucrtbase.dll
0x00007ffc7dd30000 - 0x00007ffc7df99000 	C:\WINDOWS\WinSxS\amd64_microsoft.windows.common-controls_6595b64144ccf1df_6.0.17134.345_none_fb429a5930656358\COMCTL32.dll
0x00007ffc8b620000 - 0x00007ffc8b943000 	C:\WINDOWS\System32\combase.dll
0x00007ffc897f0000 - 0x00007ffc8986a000 	C:\WINDOWS\System32\bcryptPrimitives.dll
0x00007ffc8c0b0000 - 0x00007ffc8c0dd000 	C:\WINDOWS\System32\IMM32.DLL
0x0000000059cd0000 - 0x0000000059da2000 	C:\Program Files\Java\jdk1.8.0_181\jre\bin\msvcr100.dll
0x0000000058780000 - 0x0000000059022000 	C:\Program Files\Java\jdk1.8.0_181\jre\bin\server\jvm.dll
0x00007ffc8c610000 - 0x00007ffc8c618000 	C:\WINDOWS\System32\PSAPI.DLL
0x00007ffc85ea0000 - 0x00007ffc85ea9000 	C:\WINDOWS\SYSTEM32\WSOCK32.dll
0x00007ffc8c040000 - 0x00007ffc8c0ac000 	C:\WINDOWS\System32\WS2_32.dll
0x00007ffc83960000 - 0x00007ffc83983000 	C:\WINDOWS\SYSTEM32\WINMM.dll
0x00007ffc838b0000 - 0x00007ffc838ba000 	C:\WINDOWS\SYSTEM32\VERSION.dll
0x00007ffc83930000 - 0x00007ffc8395a000 	C:\WINDOWS\SYSTEM32\WINMMBASE.dll
0x00007ffc897a0000 - 0x00007ffc897e9000 	C:\WINDOWS\System32\cfgmgr32.dll
0x0000000059cc0000 - 0x0000000059ccf000 	C:\Program Files\Java\jdk1.8.0_181\jre\bin\verify.dll
0x0000000059c90000 - 0x0000000059cb9000 	C:\Program Files\Java\jdk1.8.0_181\jre\bin\java.dll
0x0000000059c40000 - 0x0000000059c63000 	C:\Program Files\Java\jdk1.8.0_181\jre\bin\instrument.dll
0x0000000059c70000 - 0x0000000059c86000 	C:\Program Files\Java\jdk1.8.0_181\jre\bin\zip.dll
0x00007ffc8a0d0000 - 0x00007ffc8b50f000 	C:\WINDOWS\System32\SHELL32.dll
0x00007ffc8c290000 - 0x00007ffc8c339000 	C:\WINDOWS\System32\shcore.dll
0x00007ffc88ea0000 - 0x00007ffc895ad000 	C:\WINDOWS\System32\windows.storage.dll
0x00007ffc8c340000 - 0x00007ffc8c391000 	C:\WINDOWS\System32\shlwapi.dll
0x00007ffc88c10000 - 0x00007ffc88c21000 	C:\WINDOWS\System32\kernel.appcore.dll
0x00007ffc88bf0000 - 0x00007ffc88c0f000 	C:\WINDOWS\System32\profapi.dll
0x00007ffc88ba0000 - 0x00007ffc88bec000 	C:\WINDOWS\System32\powrprof.dll
0x00007ffc88b70000 - 0x00007ffc88b7a000 	C:\WINDOWS\System32\FLTLIB.DLL
0x00007ffc84ba0000 - 0x00007ffc84bba000 	E:\idea\IntelliJ IDEA 2018.1.4\bin\breakgen64.dll
0x0000000059c20000 - 0x0000000059c3a000 	C:\Program Files\Java\jdk1.8.0_181\jre\bin\net.dll
0x00007ffc883f0000 - 0x00007ffc88456000 	C:\WINDOWS\system32\mswsock.dll
0x00007ffc88170000 - 0x00007ffc881a8000 	C:\WINDOWS\SYSTEM32\IPHLPAPI.DLL
0x00007ffc8c530000 - 0x00007ffc8c538000 	C:\WINDOWS\System32\NSI.dll
0x00007ffc837d0000 - 0x00007ffc837e6000 	C:\WINDOWS\SYSTEM32\dhcpcsvc6.DLL
0x00007ffc83780000 - 0x00007ffc8379a000 	C:\WINDOWS\SYSTEM32\dhcpcsvc.DLL
0x00007ffc881b0000 - 0x00007ffc8826e000 	C:\WINDOWS\SYSTEM32\DNSAPI.dll
0x0000000059c10000 - 0x0000000059c1d000 	C:\Program Files\Java\jdk1.8.0_181\jre\bin\management.dll
0x00007ffc74960000 - 0x00007ffc74976000 	C:\WINDOWS\system32\napinsp.dll
0x00007ffc74420000 - 0x00007ffc7443a000 	C:\WINDOWS\system32\pnrpnsp.dll
0x00007ffc85680000 - 0x00007ffc85699000 	C:\WINDOWS\system32\NLAapi.dll
0x00007ffc743f0000 - 0x00007ffc743fe000 	C:\WINDOWS\System32\winrnr.dll
0x00007ffc73cb0000 - 0x00007ffc73cc5000 	C:\WINDOWS\System32\wshbth.dll
0x00007ffc7f880000 - 0x00007ffc7f88a000 	C:\Windows\System32\rasadhlp.dll
0x00007ffc7fd80000 - 0x00007ffc7fdf2000 	C:\WINDOWS\System32\fwpuclnt.dll
0x00007ffc886d0000 - 0x00007ffc886f5000 	C:\WINDOWS\SYSTEM32\bcrypt.dll
0x0000000059bf0000 - 0x0000000059c01000 	C:\Program Files\Java\jdk1.8.0_181\jre\bin\nio.dll

VM Arguments:
jvm_args: -ea -Didea.test.cyclic.buffer.size=1048576 -javaagent:E:\idea\IntelliJ IDEA 2018.1.4\lib\idea_rt.jar=57550:E:\idea\IntelliJ IDEA 2018.1.4\bin -Dfile.encoding=UTF-8 
java_command: com.intellij.rt.execution.junit.JUnitStarter -ideVersion5 -junit4 com.example.meetallseckillproducer.MeetallSeckillProducerApplicationTests
java_class_path (initial): E:\idea\IntelliJ IDEA 2018.1.4\lib\idea_rt.jar;E:\idea\IntelliJ IDEA 2018.1.4\plugins\junit\lib\junit-rt.jar;E:\idea\IntelliJ IDEA 2018.1.4\plugins\junit\lib\junit5-rt.jar;C:\Program Files\Java\jdk1.8.0_181\jre\lib\charsets.jar;C:\Program Files\Java\jdk1.8.0_181\jre\lib\deploy.jar;C:\Program Files\Java\jdk1.8.0_181\jre\lib\ext\access-bridge-64.jar;C:\Program Files\Java\jdk1.8.0_181\jre\lib\ext\cldrdata.jar;C:\Program Files\Java\jdk1.8.0_181\jre\lib\ext\dnsns.jar;C:\Program Files\Java\jdk1.8.0_181\jre\lib\ext\jaccess.jar;C:\Program Files\Java\jdk1.8.0_181\jre\lib\ext\jfxrt.jar;C:\Program Files\Java\jdk1.8.0_181\jre\lib\ext\localedata.jar;C:\Program Files\Java\jdk1.8.0_181\jre\lib\ext\nashorn.jar;C:\Program Files\Java\jdk1.8.0_181\jre\lib\ext\sunec.jar;C:\Program Files\Java\jdk1.8.0_181\jre\lib\ext\sunjce_provider.jar;C:\Program Files\Java\jdk1.8.0_181\jre\lib\ext\sunmscapi.jar;C:\Program Files\Java\jdk1.8.0_181\jre\lib\ext\sunpkcs11.jar;C:\Program Files\Java\jdk1.8.0_181\jre\lib\ext\zipfs.jar;C:\Program Files\Java\jdk1.8.0_181\jre\lib\javaws.jar;C:\Program Files\Java\jdk1.8.0_181\jre\lib\jce.jar;C:\Program Files\Java\jdk1.8.0_181\jre\lib\jfr.jar;C:\Program Files\Java\jdk1.8.0_181\jre\lib\jfxswt.jar;C:\Program Files\Java\jdk1.8.0_181\jre\lib\jsse.jar;C:\Program Files\Java\jdk1.8.0_181\jre\lib\management-agent.jar;C:\Program Files\Java\jdk1.8.0_181\jre\lib\plugin.jar;C:\Program Files\Java\jdk1.8.0_181\jre\lib\resources.jar;C:\Program Files\Java\jdk1.8.0_181\jre\lib\rt.jar;E:\美特好项目\MeeTall\meetall-seckill-producer\target\test-classes;E:\美特好项目\MeeTall\meetall-seckill-producer\target\classes;E:\LocalRepository\org\springframework\cloud\spring-cloud-starter-eureka\1.3.5.RELEASE\spring-cloud-starter-eureka-1.3.5.RELEASE.jar;E:\LocalRepository\org\springframework\boot\spring-boot-starter-web\1.5.6.RELEASE\spring-boot-starter-web-1.5.6.RELEASE.jar;E:\LocalRepository\org\springframework\boot\spring-boot-starter-tomcat\1.5.6.RELEASE\spring
Launcher Type: SUN_STANDARD

Environment Variables:
PATH=E:\installation\erl10.0.1\bin;E:\app\product\11.1.0\db_2\bin;C:\Program Files (x86)\Common Files\Oracle\Java\javapath;C:\Program Files (x86)\Intel\iCLS Client\;C:\Program Files\Intel\iCLS Client\;C:\Windows\system32;C:\Windows;C:\Windows\System32\Wbem;C:\Windows\System32\WindowsPowerShell\v1.0\;C:\Program Files (x86)\Intel\Intel(R) Management Engine Components\DAL;C:\Program Files\Intel\Intel(R) Management Engine Components\DAL;C:\Program Files (x86)\Intel\Intel(R) Management Engine Components\IPT;C:\Program Files\Intel\Intel(R) Management Engine Components\IPT;C:\Program Files (x86)\NVIDIA Corporation\PhysX\Common;C:\Program Files\TortoiseSVN\bin;C:\Program Files\VisualSVN Server\bin;E:\git\Git\cmd;C:\WINDOWS\system32;C:\WINDOWS;C:\WINDOWS\System32\Wbem;C:\WINDOWS\System32\WindowsPowerShell\v1.0\;C:\WINDOWS\System32\OpenSSH\;E:\software\Tomcat 7.0E:\software\Tomcat 7.0%CATALINA_HOME%\lib\servlet-api.jar\lib\servlet-api.jar\bin;E:\software\lua\lua-5.3.4_Win64_bin\lua53.exe;E:\MAVEN\apache-maven-3.5.3\bin;C:\Program Files\TortoiseGit\bin;C:\Users\sfg\AppData\Local\Microsoft\WindowsApps;
USERNAME=sfg
OS=Windows_NT
PROCESSOR_IDENTIFIER=Intel64 Family 6 Model 158 Stepping 9, GenuineIntel



---------------  S Y S T E M  ---------------

OS: Windows 10.0 , 64 bit Build 17134 (10.0.17134.1)

CPU:total 4 (initial active 4) (4 cores per cpu, 1 threads per core) family 6 model 158 stepping 9, cmov, cx8, fxsr, mmx, sse, sse2, sse3, ssse3, sse4.1, sse4.2, popcnt, avx, avx2, aes, clmul, erms, 3dnowpref, lzcnt, tsc, tscinvbit, bmi1, bmi2, adx

Memory: 4k page, physical 8278180k(836904k free), swap 16142496k(6400k free)

vm_info: Java HotSpot(TM) 64-Bit Server VM (25.181-b13) for windows-amd64 JRE (1.8.0_181-b13), built on Jul  7 2018 04:01:33 by "java_re" with MS VC++ 10.0 (VS2010)

time: Mon Nov 05 20:13:22 2018
elapsed time: 14 seconds (0d 0h 0m 14s)

